[WARN ] 2024-06-26 05:24:02.996 [main] PlantFileReader - Incorrect number of elements for line: Hsbkvsj;ddd;ddd
[WARN ] 2024-06-26 05:24:03.001 [main] PlantFileReader - Incorrect number of elements for line: d12ds0cs2
[WARN ] 2024-06-26 05:24:03.001 [main] PlantFileReader - Incorrect number of elements for line: ds2df5f5
[ERROR] 2024-06-26 05:24:47.436 [main] PlantFileReader - Error reading file: src/main/resources/listOfProduct.txt
java.nio.file.NoSuchFileException: src\main\resources\listOfProduct.txt
	at sun.nio.fs.WindowsException.translateToIOException(WindowsException.java:85) ~[?:?]
	at sun.nio.fs.WindowsException.rethrowAsIOException(WindowsException.java:103) ~[?:?]
	at sun.nio.fs.WindowsException.rethrowAsIOException(WindowsException.java:108) ~[?:?]
	at sun.nio.fs.WindowsFileSystemProvider.newFileChannel(WindowsFileSystemProvider.java:119) ~[?:?]
	at java.nio.channels.FileChannel.open(FileChannel.java:309) ~[?:?]
	at java.nio.channels.FileChannel.open(FileChannel.java:369) ~[?:?]
	at java.nio.file.Files.lines(Files.java:4112) ~[?:?]
	at java.nio.file.Files.lines(Files.java:4207) ~[?:?]
	at com.pattern.task.reader.PlantFileReader.readPlant(PlantFileReader.java:27) ~[classes/:?]
	at com.pattern.task.main.Main.main(Main.java:12) ~[classes/:?]
[WARN ] 2024-06-26 07:40:50.850 [main] PlantFileReader - Incorrect number of elements for line: Hsbkvsj;ddd;ddd
[WARN ] 2024-06-26 07:40:50.852 [main] PlantFileReader - Incorrect number of elements for line: d12ds0cs2
[WARN ] 2024-06-26 07:40:50.852 [main] PlantFileReader - Incorrect number of elements for line: ds2df5f5
[WARN ] 2024-06-26 07:41:24.323 [main] PlantFileReader - Incorrect number of elements for line: Hsbkvsj;ddd;ddd
[WARN ] 2024-06-26 07:41:24.326 [main] PlantFileReader - Incorrect number of elements for line: d12ds0cs2
[WARN ] 2024-06-26 07:41:24.326 [main] PlantFileReader - Incorrect number of elements for line: ds2df5f5
[WARN ] 2024-06-26 07:41:24.326 [main] PlantFileReader - Error parsing number for line: Hsbkvsj; ddd; ddd; jj
java.lang.NumberFormatException: For input string: "ddd"
	at jdk.internal.math.FloatingDecimal.readJavaFormatString(FloatingDecimal.java:2054) ~[?:?]
	at jdk.internal.math.FloatingDecimal.parseDouble(FloatingDecimal.java:110) ~[?:?]
	at java.lang.Double.parseDouble(Double.java:792) ~[?:?]
	at com.pattern.task.reader.PlantFileReader.writePlant(PlantFileReader.java:55) ~[classes/:?]
	at com.pattern.task.reader.PlantFileReader.lambda$readPlant$0(PlantFileReader.java:33) ~[classes/:?]
	at java.nio.file.FileChannelLinesSpliterator.forEachRemaining(FileChannelLinesSpliterator.java:130) ~[?:?]
	at java.util.stream.ReferencePipeline$Head.forEach(ReferencePipeline.java:762) ~[?:?]
	at com.pattern.task.reader.PlantFileReader.readPlant(PlantFileReader.java:29) ~[classes/:?]
	at com.pattern.task.main.Main.main(Main.java:13) ~[classes/:?]
[WARN ] 2024-06-26 07:41:56.160 [main] PlantFileReader - Incorrect number of elements for line: Hsbkvsj;ddd;ddd
[WARN ] 2024-06-26 07:41:56.162 [main] PlantFileReader - Incorrect number of elements for line: d12ds0cs2
[WARN ] 2024-06-26 07:41:56.162 [main] PlantFileReader - Incorrect number of elements for line: ds2df5f5
[ERROR] 2024-06-26 07:41:56.163 [main] PlantFileReader - Unknown plant tag: Hsbkvsj; ddd; 0.5; jj
com.pattern.task.exception.UnknownDataException: Unknown plant tag: Hsbkvsj
	at com.pattern.task.reader.PlantFileReader.writePlant(PlantFileReader.java:64) ~[classes/:?]
	at com.pattern.task.reader.PlantFileReader.lambda$readPlant$0(PlantFileReader.java:33) ~[classes/:?]
	at java.nio.file.FileChannelLinesSpliterator.forEachRemaining(FileChannelLinesSpliterator.java:130) ~[?:?]
	at java.util.stream.ReferencePipeline$Head.forEach(ReferencePipeline.java:762) ~[?:?]
	at com.pattern.task.reader.PlantFileReader.readPlant(PlantFileReader.java:29) ~[classes/:?]
	at com.pattern.task.main.Main.main(Main.java:13) ~[classes/:?]
[WARN ] 2024-06-26 07:44:54.981 [main] PlantFileReader - Incorrect number of elements for line: Hsbkvsj;ddd;ddd
[WARN ] 2024-06-26 07:44:54.982 [main] PlantFileReader - Incorrect number of elements for line: d12ds0cs2
[WARN ] 2024-06-26 07:44:54.983 [main] PlantFileReader - Incorrect number of elements for line: ds2df5f5
[ERROR] 2024-06-26 07:44:54.983 [main] PlantFileReader - Unknown plant tag for line: Hsbkvsj; ddd; 0.5; jj
com.pattern.task.exception.UnknownDataException: Unknown plant tag, remove it: Hsbkvsj
	at com.pattern.task.reader.PlantFileReader.writePlant(PlantFileReader.java:62) ~[classes/:?]
	at com.pattern.task.reader.PlantFileReader.lambda$readPlant$0(PlantFileReader.java:32) ~[classes/:?]
	at java.nio.file.FileChannelLinesSpliterator.forEachRemaining(FileChannelLinesSpliterator.java:130) ~[?:?]
	at java.util.stream.ReferencePipeline$Head.forEach(ReferencePipeline.java:762) ~[?:?]
	at com.pattern.task.reader.PlantFileReader.readPlant(PlantFileReader.java:28) ~[classes/:?]
	at com.pattern.task.main.Main.main(Main.java:13) ~[classes/:?]
[INFO ] 2024-06-26 08:13:12.662 [main] Main - Reading plant data from file...
[WARN ] 2024-06-26 08:13:12.674 [main] PlantFileReader - Incorrect number of elements for line: Hsbkvsj;ddd;ddd
[WARN ] 2024-06-26 08:13:12.674 [main] PlantFileReader - Incorrect number of elements for line: d12ds0cs2
[WARN ] 2024-06-26 08:13:12.674 [main] PlantFileReader - Incorrect number of elements for line: ds2df5f5
[ERROR] 2024-06-26 08:13:12.675 [main] PlantFileReader - Unknown plant tag for line: Hsbkvsj; ddd; 0.5; jj
com.pattern.task.exception.UnknownDataException: Unknown plant tag, remove it: Hsbkvsj
	at com.pattern.task.reader.PlantFileReader.writePlant(PlantFileReader.java:62) ~[classes/:?]
	at com.pattern.task.reader.PlantFileReader.lambda$readPlant$0(PlantFileReader.java:32) ~[classes/:?]
	at java.nio.file.FileChannelLinesSpliterator.forEachRemaining(FileChannelLinesSpliterator.java:130) ~[?:?]
	at java.util.stream.ReferencePipeline$Head.forEach(ReferencePipeline.java:762) ~[?:?]
	at com.pattern.task.reader.PlantFileReader.readPlant(PlantFileReader.java:28) ~[classes/:?]
	at com.pattern.task.main.Main.main(Main.java:24) ~[classes/:?]
[INFO ] 2024-06-26 08:13:12.693 [main] PlantObserverImpl - Event: Plant Added - Succulent[Plant[plantId=1, name='Echeveria', price=5.0], type='Leafy']
[INFO ] 2024-06-26 08:13:12.693 [main] PlantObserverImpl - Event: Plant Added - Succulent[Plant[plantId=2, name='Jade Plant', price=7.5], type='Leafy']
[INFO ] 2024-06-26 08:13:12.693 [main] PlantObserverImpl - Event: Plant Added - Succulent[Plant[plantId=3, name='Cactus', price=4.0], type='Stem']
[INFO ] 2024-06-26 08:13:12.693 [main] PlantObserverImpl - Event: Plant Added - Succulent[Plant[plantId=4, name='String of Pearls', price=6.0], type='Leafy']
[INFO ] 2024-06-26 08:13:12.693 [main] PlantObserverImpl - Event: Plant Added - Succulent[Plant[plantId=5, name='Aloe Vera', price=8.0], type='Leafy']
[INFO ] 2024-06-26 08:13:12.693 [main] PlantObserverImpl - Event: Plant Added - Flower[Plant[plantId=6, name='Rose', price=3.0], colour=='Red']
[INFO ] 2024-06-26 08:13:12.694 [main] PlantObserverImpl - Event: Plant Added - Flower[Plant[plantId=7, name='Tulip', price=2.5], colour=='Yellow']
[INFO ] 2024-06-26 08:13:12.694 [main] PlantObserverImpl - Event: Plant Added - Flower[Plant[plantId=8, name='Daisy', price=2.0], colour=='White']
[INFO ] 2024-06-26 08:13:12.694 [main] PlantObserverImpl - Event: Plant Added - Flower[Plant[plantId=9, name='Lily', price=4.5], colour=='Pink']
[INFO ] 2024-06-26 08:13:12.694 [main] PlantObserverImpl - Event: Plant Added - Flower[Plant[plantId=10, name='Sunflower', price=3.5], colour=='Yellow']
[INFO ] 2024-06-26 08:13:12.694 [main] Main - Sorting plants by price...
[INFO ] 2024-06-26 08:13:12.696 [main] PlantObserverImpl - Event: Plants Sorted - null
[INFO ] 2024-06-26 08:13:12.697 [main] Main - Sorting plants by name...
[INFO ] 2024-06-26 08:13:12.698 [main] PlantObserverImpl - Event: Plants Sorted - null
[INFO ] 2024-06-26 08:13:12.698 [main] Main - Sorting plants by ID...
[INFO ] 2024-06-26 08:13:12.700 [main] PlantObserverImpl - Event: Plants Sorted - null
[INFO ] 2024-06-26 08:13:12.700 [main] Main - Sorting plants by extra attribute...
[INFO ] 2024-06-26 08:13:12.701 [main] PlantObserverImpl - Event: Plants Sorted - null
[INFO ] 2024-06-26 08:15:44.013 [main] Main - Reading plant data from file...
[WARN ] 2024-06-26 08:15:44.023 [main] PlantFileReader - Incorrect number of elements for line: Hsbkvsj;ddd;ddd
[WARN ] 2024-06-26 08:15:44.023 [main] PlantFileReader - Incorrect number of elements for line: d12ds0cs2
[WARN ] 2024-06-26 08:15:44.023 [main] PlantFileReader - Incorrect number of elements for line: ds2df5f5
[ERROR] 2024-06-26 08:15:44.023 [main] PlantFileReader - Unknown plant tag for line: Hsbkvsj; ddd; 0.5; jj
com.pattern.task.exception.UnknownDataException: Unknown plant tag, remove it: Hsbkvsj
	at com.pattern.task.reader.PlantFileReader.writePlant(PlantFileReader.java:62) ~[classes/:?]
	at com.pattern.task.reader.PlantFileReader.lambda$readPlant$0(PlantFileReader.java:32) ~[classes/:?]
	at java.nio.file.FileChannelLinesSpliterator.forEachRemaining(FileChannelLinesSpliterator.java:130) ~[?:?]
	at java.util.stream.ReferencePipeline$Head.forEach(ReferencePipeline.java:762) ~[?:?]
	at com.pattern.task.reader.PlantFileReader.readPlant(PlantFileReader.java:28) ~[classes/:?]
	at com.pattern.task.main.Main.main(Main.java:24) ~[classes/:?]
[INFO ] 2024-06-26 08:15:44.041 [main] PlantObserverImpl - Event: Plant Added - Succulent[Plant[plantId=1, name='Echeveria', price=5.0], type='Leafy']
[INFO ] 2024-06-26 08:15:44.041 [main] PlantObserverImpl - Event: Plant Added - Succulent[Plant[plantId=2, name='Jade Plant', price=7.5], type='Leafy']
[INFO ] 2024-06-26 08:15:44.041 [main] PlantObserverImpl - Event: Plant Added - Succulent[Plant[plantId=3, name='Cactus', price=4.0], type='Stem']
[INFO ] 2024-06-26 08:15:44.041 [main] PlantObserverImpl - Event: Plant Added - Succulent[Plant[plantId=4, name='String of Pearls', price=6.0], type='Leafy']
[INFO ] 2024-06-26 08:15:44.041 [main] PlantObserverImpl - Event: Plant Added - Succulent[Plant[plantId=5, name='Aloe Vera', price=8.0], type='Leafy']
[INFO ] 2024-06-26 08:15:44.042 [main] PlantObserverImpl - Event: Plant Added - Flower[Plant[plantId=6, name='Rose', price=3.0], colour=='Red']
[INFO ] 2024-06-26 08:15:44.042 [main] PlantObserverImpl - Event: Plant Added - Flower[Plant[plantId=7, name='Tulip', price=2.5], colour=='Yellow']
[INFO ] 2024-06-26 08:15:44.042 [main] PlantObserverImpl - Event: Plant Added - Flower[Plant[plantId=8, name='Daisy', price=2.0], colour=='White']
[INFO ] 2024-06-26 08:15:44.042 [main] PlantObserverImpl - Event: Plant Added - Flower[Plant[plantId=9, name='Lily', price=4.5], colour=='Pink']
[INFO ] 2024-06-26 08:15:44.042 [main] PlantObserverImpl - Event: Plant Added - Flower[Plant[plantId=10, name='Sunflower', price=3.5], colour=='Yellow']
[INFO ] 2024-06-26 08:15:44.042 [main] Main - Sorting plants by price...
[INFO ] 2024-06-26 08:15:44.045 [main] PlantObserverImpl - Event: Plants Sorted - null
[INFO ] 2024-06-26 08:15:44.046 [main] Main - Flower[Plant[plantId=8, name='Daisy', price=2.0], colour=='White']
[INFO ] 2024-06-26 08:15:44.046 [main] Main - Flower[Plant[plantId=7, name='Tulip', price=2.5], colour=='Yellow']
[INFO ] 2024-06-26 08:15:44.046 [main] Main - Flower[Plant[plantId=6, name='Rose', price=3.0], colour=='Red']
[INFO ] 2024-06-26 08:15:44.046 [main] Main - Flower[Plant[plantId=10, name='Sunflower', price=3.5], colour=='Yellow']
[INFO ] 2024-06-26 08:15:44.046 [main] Main - Succulent[Plant[plantId=3, name='Cactus', price=4.0], type='Stem']
[INFO ] 2024-06-26 08:15:44.047 [main] Main - Flower[Plant[plantId=9, name='Lily', price=4.5], colour=='Pink']
[INFO ] 2024-06-26 08:15:44.047 [main] Main - Succulent[Plant[plantId=1, name='Echeveria', price=5.0], type='Leafy']
[INFO ] 2024-06-26 08:15:44.047 [main] Main - Succulent[Plant[plantId=4, name='String of Pearls', price=6.0], type='Leafy']
[INFO ] 2024-06-26 08:15:44.047 [main] Main - Succulent[Plant[plantId=2, name='Jade Plant', price=7.5], type='Leafy']
[INFO ] 2024-06-26 08:15:44.047 [main] Main - Succulent[Plant[plantId=5, name='Aloe Vera', price=8.0], type='Leafy']
[INFO ] 2024-06-26 08:15:44.047 [main] Main - Sorting plants by name...
[INFO ] 2024-06-26 08:15:44.049 [main] PlantObserverImpl - Event: Plants Sorted - null
[INFO ] 2024-06-26 08:15:44.050 [main] Main - Succulent[Plant[plantId=5, name='Aloe Vera', price=8.0], type='Leafy']
[INFO ] 2024-06-26 08:15:44.050 [main] Main - Succulent[Plant[plantId=3, name='Cactus', price=4.0], type='Stem']
[INFO ] 2024-06-26 08:15:44.050 [main] Main - Flower[Plant[plantId=8, name='Daisy', price=2.0], colour=='White']
[INFO ] 2024-06-26 08:15:44.050 [main] Main - Succulent[Plant[plantId=1, name='Echeveria', price=5.0], type='Leafy']
[INFO ] 2024-06-26 08:15:44.050 [main] Main - Succulent[Plant[plantId=2, name='Jade Plant', price=7.5], type='Leafy']
[INFO ] 2024-06-26 08:15:44.050 [main] Main - Flower[Plant[plantId=9, name='Lily', price=4.5], colour=='Pink']
[INFO ] 2024-06-26 08:15:44.051 [main] Main - Flower[Plant[plantId=6, name='Rose', price=3.0], colour=='Red']
[INFO ] 2024-06-26 08:15:44.051 [main] Main - Succulent[Plant[plantId=4, name='String of Pearls', price=6.0], type='Leafy']
[INFO ] 2024-06-26 08:15:44.051 [main] Main - Flower[Plant[plantId=10, name='Sunflower', price=3.5], colour=='Yellow']
[INFO ] 2024-06-26 08:15:44.051 [main] Main - Flower[Plant[plantId=7, name='Tulip', price=2.5], colour=='Yellow']
[INFO ] 2024-06-26 08:15:44.051 [main] Main - Sorting plants by ID...
[INFO ] 2024-06-26 08:15:44.053 [main] PlantObserverImpl - Event: Plants Sorted - null
[INFO ] 2024-06-26 08:15:44.053 [main] Main - Succulent[Plant[plantId=1, name='Echeveria', price=5.0], type='Leafy']
[INFO ] 2024-06-26 08:15:44.054 [main] Main - Succulent[Plant[plantId=2, name='Jade Plant', price=7.5], type='Leafy']
[INFO ] 2024-06-26 08:15:44.054 [main] Main - Succulent[Plant[plantId=3, name='Cactus', price=4.0], type='Stem']
[INFO ] 2024-06-26 08:15:44.054 [main] Main - Succulent[Plant[plantId=4, name='String of Pearls', price=6.0], type='Leafy']
[INFO ] 2024-06-26 08:15:44.054 [main] Main - Succulent[Plant[plantId=5, name='Aloe Vera', price=8.0], type='Leafy']
[INFO ] 2024-06-26 08:15:44.054 [main] Main - Flower[Plant[plantId=6, name='Rose', price=3.0], colour=='Red']
[INFO ] 2024-06-26 08:15:44.055 [main] Main - Flower[Plant[plantId=7, name='Tulip', price=2.5], colour=='Yellow']
[INFO ] 2024-06-26 08:15:44.055 [main] Main - Flower[Plant[plantId=8, name='Daisy', price=2.0], colour=='White']
[INFO ] 2024-06-26 08:15:44.055 [main] Main - Flower[Plant[plantId=9, name='Lily', price=4.5], colour=='Pink']
[INFO ] 2024-06-26 08:15:44.055 [main] Main - Flower[Plant[plantId=10, name='Sunflower', price=3.5], colour=='Yellow']
[INFO ] 2024-06-26 08:15:44.055 [main] Main - Sorting plants by extra attribute...
[INFO ] 2024-06-26 08:15:44.056 [main] PlantObserverImpl - Event: Plants Sorted - null
[INFO ] 2024-06-26 08:15:44.056 [main] Main - Succulent[Plant[plantId=1, name='Echeveria', price=5.0], type='Leafy']
[INFO ] 2024-06-26 08:15:44.056 [main] Main - Succulent[Plant[plantId=2, name='Jade Plant', price=7.5], type='Leafy']
[INFO ] 2024-06-26 08:15:44.057 [main] Main - Succulent[Plant[plantId=4, name='String of Pearls', price=6.0], type='Leafy']
[INFO ] 2024-06-26 08:15:44.057 [main] Main - Succulent[Plant[plantId=5, name='Aloe Vera', price=8.0], type='Leafy']
[INFO ] 2024-06-26 08:15:44.057 [main] Main - Flower[Plant[plantId=9, name='Lily', price=4.5], colour=='Pink']
[INFO ] 2024-06-26 08:15:44.057 [main] Main - Flower[Plant[plantId=6, name='Rose', price=3.0], colour=='Red']
[INFO ] 2024-06-26 08:15:44.057 [main] Main - Succulent[Plant[plantId=3, name='Cactus', price=4.0], type='Stem']
[INFO ] 2024-06-26 08:15:44.057 [main] Main - Flower[Plant[plantId=8, name='Daisy', price=2.0], colour=='White']
[INFO ] 2024-06-26 08:15:44.057 [main] Main - Flower[Plant[plantId=7, name='Tulip', price=2.5], colour=='Yellow']
[INFO ] 2024-06-26 08:15:44.058 [main] Main - Flower[Plant[plantId=10, name='Sunflower', price=3.5], colour=='Yellow']
[INFO ] 2024-06-26 08:20:57.138 [main] Main - Reading plant data from file...
[WARN ] 2024-06-26 08:20:57.147 [main] PlantFileReader - Incorrect number of elements for line: Hsbkvsj;ddd;ddd
[WARN ] 2024-06-26 08:20:57.147 [main] PlantFileReader - Incorrect number of elements for line: d12ds0cs2
[WARN ] 2024-06-26 08:20:57.148 [main] PlantFileReader - Incorrect number of elements for line: ds2df5f5
[ERROR] 2024-06-26 08:20:57.148 [main] PlantFileReader - Unknown plant tag for line: Hsbkvsj; ddd; 0.5; jj
com.pattern.task.exception.UnknownDataException: Unknown plant tag, remove it: Hsbkvsj
	at com.pattern.task.reader.PlantFileReader.writePlant(PlantFileReader.java:62) ~[classes/:?]
	at com.pattern.task.reader.PlantFileReader.lambda$readPlant$0(PlantFileReader.java:32) ~[classes/:?]
	at java.nio.file.FileChannelLinesSpliterator.forEachRemaining(FileChannelLinesSpliterator.java:130) ~[?:?]
	at java.util.stream.ReferencePipeline$Head.forEach(ReferencePipeline.java:762) ~[?:?]
	at com.pattern.task.reader.PlantFileReader.readPlant(PlantFileReader.java:28) ~[classes/:?]
	at com.pattern.task.main.Main.main(Main.java:25) ~[classes/:?]
[INFO ] 2024-06-26 08:20:57.160 [main] Main - Succulent[Plant[plantId=1, name='Echeveria', price=5.0], type='Leafy']
[INFO ] 2024-06-26 08:20:57.161 [main] Main - Succulent[Plant[plantId=2, name='Jade Plant', price=7.5], type='Leafy']
[INFO ] 2024-06-26 08:20:57.161 [main] Main - Succulent[Plant[plantId=3, name='Cactus', price=4.0], type='Stem']
[INFO ] 2024-06-26 08:20:57.161 [main] Main - Succulent[Plant[plantId=4, name='String of Pearls', price=6.0], type='Leafy']
[INFO ] 2024-06-26 08:20:57.161 [main] Main - Succulent[Plant[plantId=5, name='Aloe Vera', price=8.0], type='Leafy']
[INFO ] 2024-06-26 08:20:57.162 [main] Main - Flower[Plant[plantId=6, name='Rose', price=3.0], colour=='Red']
[INFO ] 2024-06-26 08:20:57.162 [main] Main - Flower[Plant[plantId=7, name='Tulip', price=2.5], colour=='Yellow']
[INFO ] 2024-06-26 08:20:57.162 [main] Main - Flower[Plant[plantId=8, name='Daisy', price=2.0], colour=='White']
[INFO ] 2024-06-26 08:20:57.162 [main] Main - Flower[Plant[plantId=9, name='Lily', price=4.5], colour=='Pink']
[INFO ] 2024-06-26 08:20:57.162 [main] Main - Flower[Plant[plantId=10, name='Sunflower', price=3.5], colour=='Yellow']
[INFO ] 2024-06-26 08:20:57.166 [main] PlantObserverImpl - Event: Plant Added - Succulent[Plant[plantId=1, name='Echeveria', price=5.0], type='Leafy']
[INFO ] 2024-06-26 08:20:57.167 [main] PlantObserverImpl - Event: Plant Added - Succulent[Plant[plantId=2, name='Jade Plant', price=7.5], type='Leafy']
[INFO ] 2024-06-26 08:20:57.167 [main] PlantObserverImpl - Event: Plant Added - Succulent[Plant[plantId=3, name='Cactus', price=4.0], type='Stem']
[INFO ] 2024-06-26 08:20:57.167 [main] PlantObserverImpl - Event: Plant Added - Succulent[Plant[plantId=4, name='String of Pearls', price=6.0], type='Leafy']
[INFO ] 2024-06-26 08:20:57.167 [main] PlantObserverImpl - Event: Plant Added - Succulent[Plant[plantId=5, name='Aloe Vera', price=8.0], type='Leafy']
[INFO ] 2024-06-26 08:20:57.167 [main] PlantObserverImpl - Event: Plant Added - Flower[Plant[plantId=6, name='Rose', price=3.0], colour=='Red']
[INFO ] 2024-06-26 08:20:57.168 [main] PlantObserverImpl - Event: Plant Added - Flower[Plant[plantId=7, name='Tulip', price=2.5], colour=='Yellow']
[INFO ] 2024-06-26 08:20:57.168 [main] PlantObserverImpl - Event: Plant Added - Flower[Plant[plantId=8, name='Daisy', price=2.0], colour=='White']
[INFO ] 2024-06-26 08:20:57.168 [main] PlantObserverImpl - Event: Plant Added - Flower[Plant[plantId=9, name='Lily', price=4.5], colour=='Pink']
[INFO ] 2024-06-26 08:20:57.168 [main] PlantObserverImpl - Event: Plant Added - Flower[Plant[plantId=10, name='Sunflower', price=3.5], colour=='Yellow']
[INFO ] 2024-06-26 08:20:57.168 [main] Main - Sorting plants by price...
[INFO ] 2024-06-26 08:20:57.170 [main] PlantObserverImpl - Event: Plants Sorted - null
[INFO ] 2024-06-26 08:20:57.171 [main] Main - Flower[Plant[plantId=8, name='Daisy', price=2.0], colour=='White']
[INFO ] 2024-06-26 08:20:57.171 [main] Main - Flower[Plant[plantId=7, name='Tulip', price=2.5], colour=='Yellow']
[INFO ] 2024-06-26 08:20:57.171 [main] Main - Flower[Plant[plantId=6, name='Rose', price=3.0], colour=='Red']
[INFO ] 2024-06-26 08:20:57.171 [main] Main - Flower[Plant[plantId=10, name='Sunflower', price=3.5], colour=='Yellow']
[INFO ] 2024-06-26 08:20:57.171 [main] Main - Succulent[Plant[plantId=3, name='Cactus', price=4.0], type='Stem']
[INFO ] 2024-06-26 08:20:57.172 [main] Main - Flower[Plant[plantId=9, name='Lily', price=4.5], colour=='Pink']
[INFO ] 2024-06-26 08:20:57.172 [main] Main - Succulent[Plant[plantId=1, name='Echeveria', price=5.0], type='Leafy']
[INFO ] 2024-06-26 08:20:57.172 [main] Main - Succulent[Plant[plantId=4, name='String of Pearls', price=6.0], type='Leafy']
[INFO ] 2024-06-26 08:20:57.172 [main] Main - Succulent[Plant[plantId=2, name='Jade Plant', price=7.5], type='Leafy']
[INFO ] 2024-06-26 08:20:57.172 [main] Main - Succulent[Plant[plantId=5, name='Aloe Vera', price=8.0], type='Leafy']
[INFO ] 2024-06-26 08:20:57.172 [main] Main - Sorting plants by name...
[INFO ] 2024-06-26 08:20:57.174 [main] PlantObserverImpl - Event: Plants Sorted - null
[INFO ] 2024-06-26 08:20:57.174 [main] Main - Succulent[Plant[plantId=5, name='Aloe Vera', price=8.0], type='Leafy']
[INFO ] 2024-06-26 08:20:57.174 [main] Main - Succulent[Plant[plantId=3, name='Cactus', price=4.0], type='Stem']
[INFO ] 2024-06-26 08:20:57.174 [main] Main - Flower[Plant[plantId=8, name='Daisy', price=2.0], colour=='White']
[INFO ] 2024-06-26 08:20:57.174 [main] Main - Succulent[Plant[plantId=1, name='Echeveria', price=5.0], type='Leafy']
[INFO ] 2024-06-26 08:20:57.174 [main] Main - Succulent[Plant[plantId=2, name='Jade Plant', price=7.5], type='Leafy']
[INFO ] 2024-06-26 08:20:57.175 [main] Main - Flower[Plant[plantId=9, name='Lily', price=4.5], colour=='Pink']
[INFO ] 2024-06-26 08:20:57.175 [main] Main - Flower[Plant[plantId=6, name='Rose', price=3.0], colour=='Red']
[INFO ] 2024-06-26 08:20:57.175 [main] Main - Succulent[Plant[plantId=4, name='String of Pearls', price=6.0], type='Leafy']
[INFO ] 2024-06-26 08:20:57.175 [main] Main - Flower[Plant[plantId=10, name='Sunflower', price=3.5], colour=='Yellow']
[INFO ] 2024-06-26 08:20:57.175 [main] Main - Flower[Plant[plantId=7, name='Tulip', price=2.5], colour=='Yellow']
[INFO ] 2024-06-26 08:20:57.175 [main] Main - Sorting plants by ID...
[INFO ] 2024-06-26 08:20:57.177 [main] PlantObserverImpl - Event: Plants Sorted - null
[INFO ] 2024-06-26 08:20:57.177 [main] Main - Succulent[Plant[plantId=1, name='Echeveria', price=5.0], type='Leafy']
[INFO ] 2024-06-26 08:20:57.178 [main] Main - Succulent[Plant[plantId=2, name='Jade Plant', price=7.5], type='Leafy']
[INFO ] 2024-06-26 08:20:57.178 [main] Main - Succulent[Plant[plantId=3, name='Cactus', price=4.0], type='Stem']
[INFO ] 2024-06-26 08:20:57.178 [main] Main - Succulent[Plant[plantId=4, name='String of Pearls', price=6.0], type='Leafy']
[INFO ] 2024-06-26 08:20:57.178 [main] Main - Succulent[Plant[plantId=5, name='Aloe Vera', price=8.0], type='Leafy']
[INFO ] 2024-06-26 08:20:57.178 [main] Main - Flower[Plant[plantId=6, name='Rose', price=3.0], colour=='Red']
[INFO ] 2024-06-26 08:20:57.178 [main] Main - Flower[Plant[plantId=7, name='Tulip', price=2.5], colour=='Yellow']
[INFO ] 2024-06-26 08:20:57.179 [main] Main - Flower[Plant[plantId=8, name='Daisy', price=2.0], colour=='White']
[INFO ] 2024-06-26 08:20:57.179 [main] Main - Flower[Plant[plantId=9, name='Lily', price=4.5], colour=='Pink']
[INFO ] 2024-06-26 08:20:57.179 [main] Main - Flower[Plant[plantId=10, name='Sunflower', price=3.5], colour=='Yellow']
[INFO ] 2024-06-26 08:20:57.179 [main] Main - Sorting plants by extra attribute...
[INFO ] 2024-06-26 08:20:57.180 [main] PlantObserverImpl - Event: Plants Sorted - null
[INFO ] 2024-06-26 08:20:57.180 [main] Main - Succulent[Plant[plantId=1, name='Echeveria', price=5.0], type='Leafy']
[INFO ] 2024-06-26 08:20:57.180 [main] Main - Succulent[Plant[plantId=2, name='Jade Plant', price=7.5], type='Leafy']
[INFO ] 2024-06-26 08:20:57.181 [main] Main - Succulent[Plant[plantId=4, name='String of Pearls', price=6.0], type='Leafy']
[INFO ] 2024-06-26 08:20:57.181 [main] Main - Succulent[Plant[plantId=5, name='Aloe Vera', price=8.0], type='Leafy']
[INFO ] 2024-06-26 08:20:57.181 [main] Main - Flower[Plant[plantId=9, name='Lily', price=4.5], colour=='Pink']
[INFO ] 2024-06-26 08:20:57.181 [main] Main - Flower[Plant[plantId=6, name='Rose', price=3.0], colour=='Red']
[INFO ] 2024-06-26 08:20:57.181 [main] Main - Succulent[Plant[plantId=3, name='Cactus', price=4.0], type='Stem']
[INFO ] 2024-06-26 08:20:57.181 [main] Main - Flower[Plant[plantId=8, name='Daisy', price=2.0], colour=='White']
[INFO ] 2024-06-26 08:20:57.181 [main] Main - Flower[Plant[plantId=7, name='Tulip', price=2.5], colour=='Yellow']
[INFO ] 2024-06-26 08:20:57.181 [main] Main - Flower[Plant[plantId=10, name='Sunflower', price=3.5], colour=='Yellow']
[INFO ] 2024-06-26 08:20:57.182 [main] Main - Finding plant with ID 1...
[INFO ] 2024-06-26 08:20:57.183 [main] Main - Found: Succulent[Plant[plantId=1, name='Echeveria', price=5.0], type='Leafy']
[INFO ] 2024-06-26 08:20:57.183 [main] Main - Finding plants with name 'Aloe'...
[INFO ] 2024-06-26 08:20:57.183 [main] Main - Finding plants with price between 10.0 and 20.0...
[INFO ] 2024-06-26 08:20:57.184 [main] Main - Finding plants with extra attribute 'Red'...
[INFO ] 2024-06-26 08:20:57.185 [main] Main - Flower[Plant[plantId=6, name='Rose', price=3.0], colour=='Red']
[INFO ] 2024-06-26 08:20:57.185 [main] Main - Removing plant: Succulent[Plant[plantId=1, name='Echeveria', price=5.0], type='Leafy']
[INFO ] 2024-06-26 08:20:57.185 [main] PlantObserverImpl - Event: Plant Removed - Succulent[Plant[plantId=1, name='Echeveria', price=5.0], type='Leafy']
[INFO ] 2024-06-26 08:20:57.185 [main] Main - Plant removed. Current list:
[INFO ] 2024-06-26 08:20:57.185 [main] Main - Succulent[Plant[plantId=2, name='Jade Plant', price=7.5], type='Leafy']
[INFO ] 2024-06-26 08:20:57.186 [main] Main - Succulent[Plant[plantId=4, name='String of Pearls', price=6.0], type='Leafy']
[INFO ] 2024-06-26 08:20:57.186 [main] Main - Succulent[Plant[plantId=5, name='Aloe Vera', price=8.0], type='Leafy']
[INFO ] 2024-06-26 08:20:57.186 [main] Main - Flower[Plant[plantId=9, name='Lily', price=4.5], colour=='Pink']
[INFO ] 2024-06-26 08:20:57.186 [main] Main - Flower[Plant[plantId=6, name='Rose', price=3.0], colour=='Red']
[INFO ] 2024-06-26 08:20:57.186 [main] Main - Succulent[Plant[plantId=3, name='Cactus', price=4.0], type='Stem']
[INFO ] 2024-06-26 08:20:57.186 [main] Main - Flower[Plant[plantId=8, name='Daisy', price=2.0], colour=='White']
[INFO ] 2024-06-26 08:20:57.186 [main] Main - Flower[Plant[plantId=7, name='Tulip', price=2.5], colour=='Yellow']
[INFO ] 2024-06-26 08:20:57.187 [main] Main - Flower[Plant[plantId=10, name='Sunflower', price=3.5], colour=='Yellow']
[INFO ] 2024-06-26 08:22:14.620 [main] Main - Reading plant data from file...
[WARN ] 2024-06-26 08:22:14.629 [main] PlantFileReader - Incorrect number of elements for line: Hsbkvsj;ddd;ddd
[WARN ] 2024-06-26 08:22:14.629 [main] PlantFileReader - Incorrect number of elements for line: d12ds0cs2
[WARN ] 2024-06-26 08:22:14.630 [main] PlantFileReader - Incorrect number of elements for line: ds2df5f5
[ERROR] 2024-06-26 08:22:14.630 [main] PlantFileReader - Unknown plant tag for line: Hsbkvsj; ddd; 0.5; jj
com.pattern.task.exception.UnknownDataException: Unknown plant tag, remove it: Hsbkvsj
	at com.pattern.task.reader.PlantFileReader.writePlant(PlantFileReader.java:62) ~[classes/:?]
	at com.pattern.task.reader.PlantFileReader.lambda$readPlant$0(PlantFileReader.java:32) ~[classes/:?]
	at java.nio.file.FileChannelLinesSpliterator.forEachRemaining(FileChannelLinesSpliterator.java:130) ~[?:?]
	at java.util.stream.ReferencePipeline$Head.forEach(ReferencePipeline.java:762) ~[?:?]
	at com.pattern.task.reader.PlantFileReader.readPlant(PlantFileReader.java:28) ~[classes/:?]
	at com.pattern.task.main.Main.main(Main.java:25) ~[classes/:?]
[INFO ] 2024-06-26 08:22:14.642 [main] Main - Succulent[Plant[plantId=1, name='Echeveria', price=5.0], type='Leafy']
[INFO ] 2024-06-26 08:22:14.642 [main] Main - Succulent[Plant[plantId=2, name='Jade Plant', price=7.5], type='Leafy']
[INFO ] 2024-06-26 08:22:14.642 [main] Main - Succulent[Plant[plantId=3, name='Cactus', price=4.0], type='Stem']
[INFO ] 2024-06-26 08:22:14.642 [main] Main - Succulent[Plant[plantId=4, name='String of Pearls', price=6.0], type='Leafy']
[INFO ] 2024-06-26 08:22:14.643 [main] Main - Succulent[Plant[plantId=5, name='Aloe Vera', price=8.0], type='Leafy']
[INFO ] 2024-06-26 08:22:14.643 [main] Main - Flower[Plant[plantId=6, name='Rose', price=3.0], colour=='Red']
[INFO ] 2024-06-26 08:22:14.643 [main] Main - Flower[Plant[plantId=7, name='Tulip', price=2.5], colour=='Yellow']
[INFO ] 2024-06-26 08:22:14.643 [main] Main - Flower[Plant[plantId=8, name='Daisy', price=2.0], colour=='White']
[INFO ] 2024-06-26 08:22:14.644 [main] Main - Flower[Plant[plantId=9, name='Lily', price=4.5], colour=='Pink']
[INFO ] 2024-06-26 08:22:14.644 [main] Main - Flower[Plant[plantId=10, name='Sunflower', price=3.5], colour=='Yellow']
[INFO ] 2024-06-26 08:22:14.648 [main] PlantObserverImpl - Event: Plant Added - Succulent[Plant[plantId=1, name='Echeveria', price=5.0], type='Leafy']
[INFO ] 2024-06-26 08:22:14.648 [main] PlantObserverImpl - Event: Plant Added - Succulent[Plant[plantId=2, name='Jade Plant', price=7.5], type='Leafy']
[INFO ] 2024-06-26 08:22:14.648 [main] PlantObserverImpl - Event: Plant Added - Succulent[Plant[plantId=3, name='Cactus', price=4.0], type='Stem']
[INFO ] 2024-06-26 08:22:14.648 [main] PlantObserverImpl - Event: Plant Added - Succulent[Plant[plantId=4, name='String of Pearls', price=6.0], type='Leafy']
[INFO ] 2024-06-26 08:22:14.649 [main] PlantObserverImpl - Event: Plant Added - Succulent[Plant[plantId=5, name='Aloe Vera', price=8.0], type='Leafy']
[INFO ] 2024-06-26 08:22:14.649 [main] PlantObserverImpl - Event: Plant Added - Flower[Plant[plantId=6, name='Rose', price=3.0], colour=='Red']
[INFO ] 2024-06-26 08:22:14.649 [main] PlantObserverImpl - Event: Plant Added - Flower[Plant[plantId=7, name='Tulip', price=2.5], colour=='Yellow']
[INFO ] 2024-06-26 08:22:14.649 [main] PlantObserverImpl - Event: Plant Added - Flower[Plant[plantId=8, name='Daisy', price=2.0], colour=='White']
[INFO ] 2024-06-26 08:22:14.649 [main] PlantObserverImpl - Event: Plant Added - Flower[Plant[plantId=9, name='Lily', price=4.5], colour=='Pink']
[INFO ] 2024-06-26 08:22:14.649 [main] PlantObserverImpl - Event: Plant Added - Flower[Plant[plantId=10, name='Sunflower', price=3.5], colour=='Yellow']
[INFO ] 2024-06-26 08:22:14.649 [main] Main - Sorting plants by price...
[INFO ] 2024-06-26 08:22:14.652 [main] PlantObserverImpl - Event: Plants Sorted - null
[INFO ] 2024-06-26 08:22:14.652 [main] Main - Flower[Plant[plantId=8, name='Daisy', price=2.0], colour=='White']
[INFO ] 2024-06-26 08:22:14.652 [main] Main - Flower[Plant[plantId=7, name='Tulip', price=2.5], colour=='Yellow']
[INFO ] 2024-06-26 08:22:14.652 [main] Main - Flower[Plant[plantId=6, name='Rose', price=3.0], colour=='Red']
[INFO ] 2024-06-26 08:22:14.653 [main] Main - Flower[Plant[plantId=10, name='Sunflower', price=3.5], colour=='Yellow']
[INFO ] 2024-06-26 08:22:14.653 [main] Main - Succulent[Plant[plantId=3, name='Cactus', price=4.0], type='Stem']
[INFO ] 2024-06-26 08:22:14.653 [main] Main - Flower[Plant[plantId=9, name='Lily', price=4.5], colour=='Pink']
[INFO ] 2024-06-26 08:22:14.653 [main] Main - Succulent[Plant[plantId=1, name='Echeveria', price=5.0], type='Leafy']
[INFO ] 2024-06-26 08:22:14.653 [main] Main - Succulent[Plant[plantId=4, name='String of Pearls', price=6.0], type='Leafy']
[INFO ] 2024-06-26 08:22:14.653 [main] Main - Succulent[Plant[plantId=2, name='Jade Plant', price=7.5], type='Leafy']
[INFO ] 2024-06-26 08:22:14.654 [main] Main - Succulent[Plant[plantId=5, name='Aloe Vera', price=8.0], type='Leafy']
[INFO ] 2024-06-26 08:22:14.654 [main] Main - Sorting plants by name...
[INFO ] 2024-06-26 08:22:14.655 [main] PlantObserverImpl - Event: Plants Sorted - null
[INFO ] 2024-06-26 08:22:14.655 [main] Main - Succulent[Plant[plantId=5, name='Aloe Vera', price=8.0], type='Leafy']
[INFO ] 2024-06-26 08:22:14.656 [main] Main - Succulent[Plant[plantId=3, name='Cactus', price=4.0], type='Stem']
[INFO ] 2024-06-26 08:22:14.656 [main] Main - Flower[Plant[plantId=8, name='Daisy', price=2.0], colour=='White']
[INFO ] 2024-06-26 08:22:14.656 [main] Main - Succulent[Plant[plantId=1, name='Echeveria', price=5.0], type='Leafy']
[INFO ] 2024-06-26 08:22:14.656 [main] Main - Succulent[Plant[plantId=2, name='Jade Plant', price=7.5], type='Leafy']
[INFO ] 2024-06-26 08:22:14.656 [main] Main - Flower[Plant[plantId=9, name='Lily', price=4.5], colour=='Pink']
[INFO ] 2024-06-26 08:22:14.656 [main] Main - Flower[Plant[plantId=6, name='Rose', price=3.0], colour=='Red']
[INFO ] 2024-06-26 08:22:14.657 [main] Main - Succulent[Plant[plantId=4, name='String of Pearls', price=6.0], type='Leafy']
[INFO ] 2024-06-26 08:22:14.657 [main] Main - Flower[Plant[plantId=10, name='Sunflower', price=3.5], colour=='Yellow']
[INFO ] 2024-06-26 08:22:14.657 [main] Main - Flower[Plant[plantId=7, name='Tulip', price=2.5], colour=='Yellow']
[INFO ] 2024-06-26 08:22:14.657 [main] Main - Sorting plants by ID...
[INFO ] 2024-06-26 08:22:14.659 [main] PlantObserverImpl - Event: Plants Sorted - null
[INFO ] 2024-06-26 08:22:14.659 [main] Main - Succulent[Plant[plantId=1, name='Echeveria', price=5.0], type='Leafy']
[INFO ] 2024-06-26 08:22:14.660 [main] Main - Succulent[Plant[plantId=2, name='Jade Plant', price=7.5], type='Leafy']
[INFO ] 2024-06-26 08:22:14.660 [main] Main - Succulent[Plant[plantId=3, name='Cactus', price=4.0], type='Stem']
[INFO ] 2024-06-26 08:22:14.660 [main] Main - Succulent[Plant[plantId=4, name='String of Pearls', price=6.0], type='Leafy']
[INFO ] 2024-06-26 08:22:14.660 [main] Main - Succulent[Plant[plantId=5, name='Aloe Vera', price=8.0], type='Leafy']
[INFO ] 2024-06-26 08:22:14.660 [main] Main - Flower[Plant[plantId=6, name='Rose', price=3.0], colour=='Red']
[INFO ] 2024-06-26 08:22:14.660 [main] Main - Flower[Plant[plantId=7, name='Tulip', price=2.5], colour=='Yellow']
[INFO ] 2024-06-26 08:22:14.661 [main] Main - Flower[Plant[plantId=8, name='Daisy', price=2.0], colour=='White']
[INFO ] 2024-06-26 08:22:14.661 [main] Main - Flower[Plant[plantId=9, name='Lily', price=4.5], colour=='Pink']
[INFO ] 2024-06-26 08:22:14.661 [main] Main - Flower[Plant[plantId=10, name='Sunflower', price=3.5], colour=='Yellow']
[INFO ] 2024-06-26 08:22:14.661 [main] Main - Sorting plants by extra attribute...
[INFO ] 2024-06-26 08:22:14.662 [main] PlantObserverImpl - Event: Plants Sorted - null
[INFO ] 2024-06-26 08:22:14.662 [main] Main - Succulent[Plant[plantId=1, name='Echeveria', price=5.0], type='Leafy']
[INFO ] 2024-06-26 08:22:14.662 [main] Main - Succulent[Plant[plantId=2, name='Jade Plant', price=7.5], type='Leafy']
[INFO ] 2024-06-26 08:22:14.663 [main] Main - Succulent[Plant[plantId=4, name='String of Pearls', price=6.0], type='Leafy']
[INFO ] 2024-06-26 08:22:14.663 [main] Main - Succulent[Plant[plantId=5, name='Aloe Vera', price=8.0], type='Leafy']
[INFO ] 2024-06-26 08:22:14.663 [main] Main - Flower[Plant[plantId=9, name='Lily', price=4.5], colour=='Pink']
[INFO ] 2024-06-26 08:22:14.663 [main] Main - Flower[Plant[plantId=6, name='Rose', price=3.0], colour=='Red']
[INFO ] 2024-06-26 08:22:14.663 [main] Main - Succulent[Plant[plantId=3, name='Cactus', price=4.0], type='Stem']
[INFO ] 2024-06-26 08:22:14.663 [main] Main - Flower[Plant[plantId=8, name='Daisy', price=2.0], colour=='White']
[INFO ] 2024-06-26 08:22:14.663 [main] Main - Flower[Plant[plantId=7, name='Tulip', price=2.5], colour=='Yellow']
[INFO ] 2024-06-26 08:22:14.663 [main] Main - Flower[Plant[plantId=10, name='Sunflower', price=3.5], colour=='Yellow']
[INFO ] 2024-06-26 08:22:14.664 [main] Main - Finding plant with ID 1...
[INFO ] 2024-06-26 08:22:14.665 [main] Main - Found: Succulent[Plant[plantId=1, name='Echeveria', price=5.0], type='Leafy']
[INFO ] 2024-06-26 08:22:14.665 [main] Main - Finding plants with name 'Aloe Vera'...
[INFO ] 2024-06-26 08:22:14.665 [main] Main - Succulent[Plant[plantId=5, name='Aloe Vera', price=8.0], type='Leafy']
[INFO ] 2024-06-26 08:22:14.665 [main] Main - Finding plants with price between 1.0 and 5.0...
[INFO ] 2024-06-26 08:22:14.666 [main] Main - Succulent[Plant[plantId=1, name='Echeveria', price=5.0], type='Leafy']
[INFO ] 2024-06-26 08:22:14.667 [main] Main - Flower[Plant[plantId=9, name='Lily', price=4.5], colour=='Pink']
[INFO ] 2024-06-26 08:22:14.667 [main] Main - Flower[Plant[plantId=6, name='Rose', price=3.0], colour=='Red']
[INFO ] 2024-06-26 08:22:14.667 [main] Main - Succulent[Plant[plantId=3, name='Cactus', price=4.0], type='Stem']
[INFO ] 2024-06-26 08:22:14.667 [main] Main - Flower[Plant[plantId=8, name='Daisy', price=2.0], colour=='White']
[INFO ] 2024-06-26 08:22:14.667 [main] Main - Flower[Plant[plantId=7, name='Tulip', price=2.5], colour=='Yellow']
[INFO ] 2024-06-26 08:22:14.667 [main] Main - Flower[Plant[plantId=10, name='Sunflower', price=3.5], colour=='Yellow']
[INFO ] 2024-06-26 08:22:14.667 [main] Main - Finding plants with extra attribute 'Red'...
[INFO ] 2024-06-26 08:22:14.668 [main] Main - Flower[Plant[plantId=6, name='Rose', price=3.0], colour=='Red']
[INFO ] 2024-06-26 08:22:14.668 [main] Main - Removing plant: Succulent[Plant[plantId=1, name='Echeveria', price=5.0], type='Leafy']
[INFO ] 2024-06-26 08:22:14.668 [main] PlantObserverImpl - Event: Plant Removed - Succulent[Plant[plantId=1, name='Echeveria', price=5.0], type='Leafy']
[INFO ] 2024-06-26 08:22:14.668 [main] Main - Plant removed. Current list:
[INFO ] 2024-06-26 08:22:14.669 [main] Main - Succulent[Plant[plantId=2, name='Jade Plant', price=7.5], type='Leafy']
[INFO ] 2024-06-26 08:22:14.669 [main] Main - Succulent[Plant[plantId=4, name='String of Pearls', price=6.0], type='Leafy']
[INFO ] 2024-06-26 08:22:14.669 [main] Main - Succulent[Plant[plantId=5, name='Aloe Vera', price=8.0], type='Leafy']
[INFO ] 2024-06-26 08:22:14.669 [main] Main - Flower[Plant[plantId=9, name='Lily', price=4.5], colour=='Pink']
[INFO ] 2024-06-26 08:22:14.669 [main] Main - Flower[Plant[plantId=6, name='Rose', price=3.0], colour=='Red']
[INFO ] 2024-06-26 08:22:14.669 [main] Main - Succulent[Plant[plantId=3, name='Cactus', price=4.0], type='Stem']
[INFO ] 2024-06-26 08:22:14.669 [main] Main - Flower[Plant[plantId=8, name='Daisy', price=2.0], colour=='White']
[INFO ] 2024-06-26 08:22:14.669 [main] Main - Flower[Plant[plantId=7, name='Tulip', price=2.5], colour=='Yellow']
[INFO ] 2024-06-26 08:22:14.670 [main] Main - Flower[Plant[plantId=10, name='Sunflower', price=3.5], colour=='Yellow']
[INFO ] 2024-06-26 08:22:53.298 [main] Main - Reading plant data from file...
[ERROR] 2024-06-26 08:22:53.303 [main] PlantFileReader - Error reading file: listOfProducts.txt
java.nio.file.NoSuchFileException: listOfProducts.txt
	at sun.nio.fs.WindowsException.translateToIOException(WindowsException.java:85) ~[?:?]
	at sun.nio.fs.WindowsException.rethrowAsIOException(WindowsException.java:103) ~[?:?]
	at sun.nio.fs.WindowsException.rethrowAsIOException(WindowsException.java:108) ~[?:?]
	at sun.nio.fs.WindowsFileSystemProvider.newFileChannel(WindowsFileSystemProvider.java:119) ~[?:?]
	at java.nio.channels.FileChannel.open(FileChannel.java:309) ~[?:?]
	at java.nio.channels.FileChannel.open(FileChannel.java:369) ~[?:?]
	at java.nio.file.Files.lines(Files.java:4112) ~[?:?]
	at java.nio.file.Files.lines(Files.java:4207) ~[?:?]
	at com.pattern.task.reader.PlantFileReader.readPlant(PlantFileReader.java:27) ~[classes/:?]
	at com.pattern.task.main.Main.main(Main.java:25) ~[classes/:?]
[INFO ] 2024-06-26 08:28:23.322 [main] Main - Reading plant data from file...
[ERROR] 2024-06-26 08:28:23.327 [main] PlantFileReader - Error reading file: resources/listOfProducts.txt
java.nio.file.NoSuchFileException: resources\listOfProducts.txt
	at sun.nio.fs.WindowsException.translateToIOException(WindowsException.java:85) ~[?:?]
	at sun.nio.fs.WindowsException.rethrowAsIOException(WindowsException.java:103) ~[?:?]
	at sun.nio.fs.WindowsException.rethrowAsIOException(WindowsException.java:108) ~[?:?]
	at sun.nio.fs.WindowsFileSystemProvider.newFileChannel(WindowsFileSystemProvider.java:119) ~[?:?]
	at java.nio.channels.FileChannel.open(FileChannel.java:309) ~[?:?]
	at java.nio.channels.FileChannel.open(FileChannel.java:369) ~[?:?]
	at java.nio.file.Files.lines(Files.java:4112) ~[?:?]
	at java.nio.file.Files.lines(Files.java:4207) ~[?:?]
	at com.pattern.task.reader.PlantFileReader.readPlant(PlantFileReader.java:27) ~[classes/:?]
	at com.pattern.task.main.Main.main(Main.java:25) ~[classes/:?]
[INFO ] 2024-06-26 08:33:30.048 [main] Main - Reading plant data from file...
[ERROR] 2024-06-26 08:33:30.057 [main] PlantFileReader - Error reading file: resources\listOfProducts.txt
java.nio.file.NoSuchFileException: resources\listOfProducts.txt
	at sun.nio.fs.WindowsException.translateToIOException(WindowsException.java:85) ~[?:?]
	at sun.nio.fs.WindowsException.rethrowAsIOException(WindowsException.java:103) ~[?:?]
	at sun.nio.fs.WindowsException.rethrowAsIOException(WindowsException.java:108) ~[?:?]
	at sun.nio.fs.WindowsFileSystemProvider.newFileChannel(WindowsFileSystemProvider.java:119) ~[?:?]
	at java.nio.channels.FileChannel.open(FileChannel.java:309) ~[?:?]
	at java.nio.channels.FileChannel.open(FileChannel.java:369) ~[?:?]
	at java.nio.file.Files.lines(Files.java:4112) ~[?:?]
	at java.nio.file.Files.lines(Files.java:4207) ~[?:?]
	at com.pattern.task.reader.PlantFileReader.readPlant(PlantFileReader.java:28) ~[classes/:?]
	at com.pattern.task.main.Main.main(Main.java:27) ~[classes/:?]
[INFO ] 2024-06-26 08:33:45.252 [main] Main - Reading plant data from file...
[ERROR] 2024-06-26 08:33:45.258 [main] PlantFileReader - Error reading file: listOfProducts.txt
java.nio.file.NoSuchFileException: listOfProducts.txt
	at sun.nio.fs.WindowsException.translateToIOException(WindowsException.java:85) ~[?:?]
	at sun.nio.fs.WindowsException.rethrowAsIOException(WindowsException.java:103) ~[?:?]
	at sun.nio.fs.WindowsException.rethrowAsIOException(WindowsException.java:108) ~[?:?]
	at sun.nio.fs.WindowsFileSystemProvider.newFileChannel(WindowsFileSystemProvider.java:119) ~[?:?]
	at java.nio.channels.FileChannel.open(FileChannel.java:309) ~[?:?]
	at java.nio.channels.FileChannel.open(FileChannel.java:369) ~[?:?]
	at java.nio.file.Files.lines(Files.java:4112) ~[?:?]
	at java.nio.file.Files.lines(Files.java:4207) ~[?:?]
	at com.pattern.task.reader.PlantFileReader.readPlant(PlantFileReader.java:28) ~[classes/:?]
	at com.pattern.task.main.Main.main(Main.java:27) ~[classes/:?]
[INFO ] 2024-06-26 08:35:27.490 [main] Main - Reading plant data from file: C:\Users\User\IdeaProjects\design_pattern\src\main\resources\listOfProducts.txt
[WARN ] 2024-06-26 08:35:27.502 [main] PlantFileReader - Incorrect number of elements for line: Hsbkvsj;ddd;ddd
[WARN ] 2024-06-26 08:35:27.502 [main] PlantFileReader - Incorrect number of elements for line: d12ds0cs2
[WARN ] 2024-06-26 08:35:27.502 [main] PlantFileReader - Incorrect number of elements for line: ds2df5f5
[ERROR] 2024-06-26 08:35:27.502 [main] PlantFileReader - Unknown plant tag for line: Hsbkvsj; ddd; 0.5; jj
com.pattern.task.exception.UnknownDataException: Unknown plant tag, remove it: Hsbkvsj
	at com.pattern.task.reader.PlantFileReader.writePlant(PlantFileReader.java:62) ~[classes/:?]
	at com.pattern.task.reader.PlantFileReader.lambda$readPlant$0(PlantFileReader.java:32) ~[classes/:?]
	at java.nio.file.FileChannelLinesSpliterator.forEachRemaining(FileChannelLinesSpliterator.java:130) ~[?:?]
	at java.util.stream.ReferencePipeline$Head.forEach(ReferencePipeline.java:762) ~[?:?]
	at com.pattern.task.reader.PlantFileReader.readPlant(PlantFileReader.java:28) ~[classes/:?]
	at com.pattern.task.main.Main.main(Main.java:27) ~[classes/:?]
[INFO ] 2024-06-26 08:35:27.517 [main] Main - Succulent[Plant[plantId=1, name='Echeveria', price=5.0], type='Leafy']
[INFO ] 2024-06-26 08:35:27.517 [main] Main - Succulent[Plant[plantId=2, name='Jade Plant', price=7.5], type='Leafy']
[INFO ] 2024-06-26 08:35:27.517 [main] Main - Succulent[Plant[plantId=3, name='Cactus', price=4.0], type='Stem']
[INFO ] 2024-06-26 08:35:27.518 [main] Main - Succulent[Plant[plantId=4, name='String of Pearls', price=6.0], type='Leafy']
[INFO ] 2024-06-26 08:35:27.518 [main] Main - Succulent[Plant[plantId=5, name='Aloe Vera', price=8.0], type='Leafy']
[INFO ] 2024-06-26 08:35:27.518 [main] Main - Flower[Plant[plantId=6, name='Rose', price=3.0], colour=='Red']
[INFO ] 2024-06-26 08:35:27.519 [main] Main - Flower[Plant[plantId=7, name='Tulip', price=2.5], colour=='Yellow']
[INFO ] 2024-06-26 08:35:27.519 [main] Main - Flower[Plant[plantId=8, name='Daisy', price=2.0], colour=='White']
[INFO ] 2024-06-26 08:35:27.519 [main] Main - Flower[Plant[plantId=9, name='Lily', price=4.5], colour=='Pink']
[INFO ] 2024-06-26 08:35:27.519 [main] Main - Flower[Plant[plantId=10, name='Sunflower', price=3.5], colour=='Yellow']
[INFO ] 2024-06-26 08:35:27.522 [main] PlantObserverImpl - Event: Plant Added - Succulent[Plant[plantId=1, name='Echeveria', price=5.0], type='Leafy']
[INFO ] 2024-06-26 08:35:27.522 [main] PlantObserverImpl - Event: Plant Added - Succulent[Plant[plantId=2, name='Jade Plant', price=7.5], type='Leafy']
[INFO ] 2024-06-26 08:35:27.522 [main] PlantObserverImpl - Event: Plant Added - Succulent[Plant[plantId=3, name='Cactus', price=4.0], type='Stem']
[INFO ] 2024-06-26 08:35:27.522 [main] PlantObserverImpl - Event: Plant Added - Succulent[Plant[plantId=4, name='String of Pearls', price=6.0], type='Leafy']
[INFO ] 2024-06-26 08:35:27.523 [main] PlantObserverImpl - Event: Plant Added - Succulent[Plant[plantId=5, name='Aloe Vera', price=8.0], type='Leafy']
[INFO ] 2024-06-26 08:35:27.523 [main] PlantObserverImpl - Event: Plant Added - Flower[Plant[plantId=6, name='Rose', price=3.0], colour=='Red']
[INFO ] 2024-06-26 08:35:27.523 [main] PlantObserverImpl - Event: Plant Added - Flower[Plant[plantId=7, name='Tulip', price=2.5], colour=='Yellow']
[INFO ] 2024-06-26 08:35:27.523 [main] PlantObserverImpl - Event: Plant Added - Flower[Plant[plantId=8, name='Daisy', price=2.0], colour=='White']
[INFO ] 2024-06-26 08:35:27.523 [main] PlantObserverImpl - Event: Plant Added - Flower[Plant[plantId=9, name='Lily', price=4.5], colour=='Pink']
[INFO ] 2024-06-26 08:35:27.523 [main] PlantObserverImpl - Event: Plant Added - Flower[Plant[plantId=10, name='Sunflower', price=3.5], colour=='Yellow']
[INFO ] 2024-06-26 08:35:27.523 [main] Main - Sorting plants by price...
[INFO ] 2024-06-26 08:35:27.525 [main] PlantObserverImpl - Event: Plants Sorted - null
[INFO ] 2024-06-26 08:35:27.525 [main] Main - Flower[Plant[plantId=8, name='Daisy', price=2.0], colour=='White']
[INFO ] 2024-06-26 08:35:27.526 [main] Main - Flower[Plant[plantId=7, name='Tulip', price=2.5], colour=='Yellow']
[INFO ] 2024-06-26 08:35:27.526 [main] Main - Flower[Plant[plantId=6, name='Rose', price=3.0], colour=='Red']
[INFO ] 2024-06-26 08:35:27.526 [main] Main - Flower[Plant[plantId=10, name='Sunflower', price=3.5], colour=='Yellow']
[INFO ] 2024-06-26 08:35:27.526 [main] Main - Succulent[Plant[plantId=3, name='Cactus', price=4.0], type='Stem']
[INFO ] 2024-06-26 08:35:27.526 [main] Main - Flower[Plant[plantId=9, name='Lily', price=4.5], colour=='Pink']
[INFO ] 2024-06-26 08:35:27.527 [main] Main - Succulent[Plant[plantId=1, name='Echeveria', price=5.0], type='Leafy']
[INFO ] 2024-06-26 08:35:27.527 [main] Main - Succulent[Plant[plantId=4, name='String of Pearls', price=6.0], type='Leafy']
[INFO ] 2024-06-26 08:35:27.527 [main] Main - Succulent[Plant[plantId=2, name='Jade Plant', price=7.5], type='Leafy']
[INFO ] 2024-06-26 08:35:27.527 [main] Main - Succulent[Plant[plantId=5, name='Aloe Vera', price=8.0], type='Leafy']
[INFO ] 2024-06-26 08:35:27.527 [main] Main - Sorting plants by name...
[INFO ] 2024-06-26 08:35:27.528 [main] PlantObserverImpl - Event: Plants Sorted - null
[INFO ] 2024-06-26 08:35:27.529 [main] Main - Succulent[Plant[plantId=5, name='Aloe Vera', price=8.0], type='Leafy']
[INFO ] 2024-06-26 08:35:27.529 [main] Main - Succulent[Plant[plantId=3, name='Cactus', price=4.0], type='Stem']
[INFO ] 2024-06-26 08:35:27.529 [main] Main - Flower[Plant[plantId=8, name='Daisy', price=2.0], colour=='White']
[INFO ] 2024-06-26 08:35:27.529 [main] Main - Succulent[Plant[plantId=1, name='Echeveria', price=5.0], type='Leafy']
[INFO ] 2024-06-26 08:35:27.529 [main] Main - Succulent[Plant[plantId=2, name='Jade Plant', price=7.5], type='Leafy']
[INFO ] 2024-06-26 08:35:27.530 [main] Main - Flower[Plant[plantId=9, name='Lily', price=4.5], colour=='Pink']
[INFO ] 2024-06-26 08:35:27.530 [main] Main - Flower[Plant[plantId=6, name='Rose', price=3.0], colour=='Red']
[INFO ] 2024-06-26 08:35:27.530 [main] Main - Succulent[Plant[plantId=4, name='String of Pearls', price=6.0], type='Leafy']
[INFO ] 2024-06-26 08:35:27.530 [main] Main - Flower[Plant[plantId=10, name='Sunflower', price=3.5], colour=='Yellow']
[INFO ] 2024-06-26 08:35:27.530 [main] Main - Flower[Plant[plantId=7, name='Tulip', price=2.5], colour=='Yellow']
[INFO ] 2024-06-26 08:35:27.530 [main] Main - Sorting plants by ID...
[INFO ] 2024-06-26 08:35:27.532 [main] PlantObserverImpl - Event: Plants Sorted - null
[INFO ] 2024-06-26 08:35:27.533 [main] Main - Succulent[Plant[plantId=1, name='Echeveria', price=5.0], type='Leafy']
[INFO ] 2024-06-26 08:35:27.533 [main] Main - Succulent[Plant[plantId=2, name='Jade Plant', price=7.5], type='Leafy']
[INFO ] 2024-06-26 08:35:27.533 [main] Main - Succulent[Plant[plantId=3, name='Cactus', price=4.0], type='Stem']
[INFO ] 2024-06-26 08:35:27.533 [main] Main - Succulent[Plant[plantId=4, name='String of Pearls', price=6.0], type='Leafy']
[INFO ] 2024-06-26 08:35:27.533 [main] Main - Succulent[Plant[plantId=5, name='Aloe Vera', price=8.0], type='Leafy']
[INFO ] 2024-06-26 08:35:27.533 [main] Main - Flower[Plant[plantId=6, name='Rose', price=3.0], colour=='Red']
[INFO ] 2024-06-26 08:35:27.534 [main] Main - Flower[Plant[plantId=7, name='Tulip', price=2.5], colour=='Yellow']
[INFO ] 2024-06-26 08:35:27.534 [main] Main - Flower[Plant[plantId=8, name='Daisy', price=2.0], colour=='White']
[INFO ] 2024-06-26 08:35:27.534 [main] Main - Flower[Plant[plantId=9, name='Lily', price=4.5], colour=='Pink']
[INFO ] 2024-06-26 08:35:27.534 [main] Main - Flower[Plant[plantId=10, name='Sunflower', price=3.5], colour=='Yellow']
[INFO ] 2024-06-26 08:35:27.534 [main] Main - Sorting plants by extra attribute...
[INFO ] 2024-06-26 08:35:27.535 [main] PlantObserverImpl - Event: Plants Sorted - null
[INFO ] 2024-06-26 08:35:27.535 [main] Main - Succulent[Plant[plantId=1, name='Echeveria', price=5.0], type='Leafy']
[INFO ] 2024-06-26 08:35:27.535 [main] Main - Succulent[Plant[plantId=2, name='Jade Plant', price=7.5], type='Leafy']
[INFO ] 2024-06-26 08:35:27.536 [main] Main - Succulent[Plant[plantId=4, name='String of Pearls', price=6.0], type='Leafy']
[INFO ] 2024-06-26 08:35:27.536 [main] Main - Succulent[Plant[plantId=5, name='Aloe Vera', price=8.0], type='Leafy']
[INFO ] 2024-06-26 08:35:27.536 [main] Main - Flower[Plant[plantId=9, name='Lily', price=4.5], colour=='Pink']
[INFO ] 2024-06-26 08:35:27.536 [main] Main - Flower[Plant[plantId=6, name='Rose', price=3.0], colour=='Red']
[INFO ] 2024-06-26 08:35:27.536 [main] Main - Succulent[Plant[plantId=3, name='Cactus', price=4.0], type='Stem']
[INFO ] 2024-06-26 08:35:27.536 [main] Main - Flower[Plant[plantId=8, name='Daisy', price=2.0], colour=='White']
[INFO ] 2024-06-26 08:35:27.536 [main] Main - Flower[Plant[plantId=7, name='Tulip', price=2.5], colour=='Yellow']
[INFO ] 2024-06-26 08:35:27.537 [main] Main - Flower[Plant[plantId=10, name='Sunflower', price=3.5], colour=='Yellow']
[INFO ] 2024-06-26 08:35:27.537 [main] Main - Finding plant with ID 1...
[INFO ] 2024-06-26 08:35:27.538 [main] Main - Found: Succulent[Plant[plantId=1, name='Echeveria', price=5.0], type='Leafy']
[INFO ] 2024-06-26 08:35:27.538 [main] Main - Finding plants with name 'Aloe Vera'...
[INFO ] 2024-06-26 08:35:27.538 [main] Main - Succulent[Plant[plantId=5, name='Aloe Vera', price=8.0], type='Leafy']
[INFO ] 2024-06-26 08:35:27.538 [main] Main - Finding plants with price between 1.0 and 5.0...
[INFO ] 2024-06-26 08:35:27.539 [main] Main - Succulent[Plant[plantId=1, name='Echeveria', price=5.0], type='Leafy']
[INFO ] 2024-06-26 08:35:27.539 [main] Main - Flower[Plant[plantId=9, name='Lily', price=4.5], colour=='Pink']
[INFO ] 2024-06-26 08:35:27.539 [main] Main - Flower[Plant[plantId=6, name='Rose', price=3.0], colour=='Red']
[INFO ] 2024-06-26 08:35:27.539 [main] Main - Succulent[Plant[plantId=3, name='Cactus', price=4.0], type='Stem']
[INFO ] 2024-06-26 08:35:27.539 [main] Main - Flower[Plant[plantId=8, name='Daisy', price=2.0], colour=='White']
[INFO ] 2024-06-26 08:35:27.540 [main] Main - Flower[Plant[plantId=7, name='Tulip', price=2.5], colour=='Yellow']
[INFO ] 2024-06-26 08:35:27.540 [main] Main - Flower[Plant[plantId=10, name='Sunflower', price=3.5], colour=='Yellow']
[INFO ] 2024-06-26 08:35:27.540 [main] Main - Finding plants with extra attribute 'Red'...
[INFO ] 2024-06-26 08:35:27.540 [main] Main - Flower[Plant[plantId=6, name='Rose', price=3.0], colour=='Red']
[INFO ] 2024-06-26 08:35:27.541 [main] Main - Removing plant: Succulent[Plant[plantId=1, name='Echeveria', price=5.0], type='Leafy']
[INFO ] 2024-06-26 08:35:27.541 [main] PlantObserverImpl - Event: Plant Removed - Succulent[Plant[plantId=1, name='Echeveria', price=5.0], type='Leafy']
[INFO ] 2024-06-26 08:35:27.541 [main] Main - Plant removed. Current list:
[INFO ] 2024-06-26 08:35:27.541 [main] Main - Succulent[Plant[plantId=2, name='Jade Plant', price=7.5], type='Leafy']
[INFO ] 2024-06-26 08:35:27.541 [main] Main - Succulent[Plant[plantId=4, name='String of Pearls', price=6.0], type='Leafy']
[INFO ] 2024-06-26 08:35:27.541 [main] Main - Succulent[Plant[plantId=5, name='Aloe Vera', price=8.0], type='Leafy']
[INFO ] 2024-06-26 08:35:27.541 [main] Main - Flower[Plant[plantId=9, name='Lily', price=4.5], colour=='Pink']
[INFO ] 2024-06-26 08:35:27.541 [main] Main - Flower[Plant[plantId=6, name='Rose', price=3.0], colour=='Red']
[INFO ] 2024-06-26 08:35:27.541 [main] Main - Succulent[Plant[plantId=3, name='Cactus', price=4.0], type='Stem']
[INFO ] 2024-06-26 08:35:27.542 [main] Main - Flower[Plant[plantId=8, name='Daisy', price=2.0], colour=='White']
[INFO ] 2024-06-26 08:35:27.542 [main] Main - Flower[Plant[plantId=7, name='Tulip', price=2.5], colour=='Yellow']
[INFO ] 2024-06-26 08:35:27.542 [main] Main - Flower[Plant[plantId=10, name='Sunflower', price=3.5], colour=='Yellow']
[INFO ] 2024-06-26 08:35:56.814 [main] Main - Reading plant data from file: C:\Users\User\IdeaProjects\design_pattern\listOfProducts.txt
[ERROR] 2024-06-26 08:35:56.820 [main] PlantFileReader - Error reading file: C:\Users\User\IdeaProjects\design_pattern\listOfProducts.txt
java.nio.file.NoSuchFileException: C:\Users\User\IdeaProjects\design_pattern\listOfProducts.txt
	at sun.nio.fs.WindowsException.translateToIOException(WindowsException.java:85) ~[?:?]
	at sun.nio.fs.WindowsException.rethrowAsIOException(WindowsException.java:103) ~[?:?]
	at sun.nio.fs.WindowsException.rethrowAsIOException(WindowsException.java:108) ~[?:?]
	at sun.nio.fs.WindowsFileSystemProvider.newFileChannel(WindowsFileSystemProvider.java:119) ~[?:?]
	at java.nio.channels.FileChannel.open(FileChannel.java:309) ~[?:?]
	at java.nio.channels.FileChannel.open(FileChannel.java:369) ~[?:?]
	at java.nio.file.Files.lines(Files.java:4112) ~[?:?]
	at java.nio.file.Files.lines(Files.java:4207) ~[?:?]
	at com.pattern.task.reader.PlantFileReader.readPlant(PlantFileReader.java:27) ~[classes/:?]
	at com.pattern.task.main.Main.main(Main.java:27) ~[classes/:?]
[INFO ] 2024-06-26 08:36:13.199 [main] Main - Reading plant data from file...
[WARN ] 2024-06-26 08:36:13.214 [main] PlantFileReader - Incorrect number of elements for line: Hsbkvsj;ddd;ddd
[WARN ] 2024-06-26 08:36:13.214 [main] PlantFileReader - Incorrect number of elements for line: d12ds0cs2
[WARN ] 2024-06-26 08:36:13.214 [main] PlantFileReader - Incorrect number of elements for line: ds2df5f5
[ERROR] 2024-06-26 08:36:13.215 [main] PlantFileReader - Unknown plant tag for line: Hsbkvsj; ddd; 0.5; jj
com.pattern.task.exception.UnknownDataException: Unknown plant tag, remove it: Hsbkvsj
	at com.pattern.task.reader.PlantFileReader.writePlant(PlantFileReader.java:62) ~[classes/:?]
	at com.pattern.task.reader.PlantFileReader.lambda$readPlant$0(PlantFileReader.java:32) ~[classes/:?]
	at java.nio.file.FileChannelLinesSpliterator.forEachRemaining(FileChannelLinesSpliterator.java:130) ~[?:?]
	at java.util.stream.ReferencePipeline$Head.forEach(ReferencePipeline.java:762) ~[?:?]
	at com.pattern.task.reader.PlantFileReader.readPlant(PlantFileReader.java:28) ~[classes/:?]
	at com.pattern.task.main.Main.main(Main.java:25) ~[classes/:?]
[INFO ] 2024-06-26 08:36:13.227 [main] Main - Succulent[Plant[plantId=1, name='Echeveria', price=5.0], type='Leafy']
[INFO ] 2024-06-26 08:36:13.227 [main] Main - Succulent[Plant[plantId=2, name='Jade Plant', price=7.5], type='Leafy']
[INFO ] 2024-06-26 08:36:13.228 [main] Main - Succulent[Plant[plantId=3, name='Cactus', price=4.0], type='Stem']
[INFO ] 2024-06-26 08:36:13.228 [main] Main - Succulent[Plant[plantId=4, name='String of Pearls', price=6.0], type='Leafy']
[INFO ] 2024-06-26 08:36:13.228 [main] Main - Succulent[Plant[plantId=5, name='Aloe Vera', price=8.0], type='Leafy']
[INFO ] 2024-06-26 08:36:13.228 [main] Main - Flower[Plant[plantId=6, name='Rose', price=3.0], colour=='Red']
[INFO ] 2024-06-26 08:36:13.229 [main] Main - Flower[Plant[plantId=7, name='Tulip', price=2.5], colour=='Yellow']
[INFO ] 2024-06-26 08:36:13.229 [main] Main - Flower[Plant[plantId=8, name='Daisy', price=2.0], colour=='White']
[INFO ] 2024-06-26 08:36:13.229 [main] Main - Flower[Plant[plantId=9, name='Lily', price=4.5], colour=='Pink']
[INFO ] 2024-06-26 08:36:13.229 [main] Main - Flower[Plant[plantId=10, name='Sunflower', price=3.5], colour=='Yellow']
[INFO ] 2024-06-26 08:36:13.233 [main] PlantObserverImpl - Event: Plant Added - Succulent[Plant[plantId=1, name='Echeveria', price=5.0], type='Leafy']
[INFO ] 2024-06-26 08:36:13.233 [main] PlantObserverImpl - Event: Plant Added - Succulent[Plant[plantId=2, name='Jade Plant', price=7.5], type='Leafy']
[INFO ] 2024-06-26 08:36:13.233 [main] PlantObserverImpl - Event: Plant Added - Succulent[Plant[plantId=3, name='Cactus', price=4.0], type='Stem']
[INFO ] 2024-06-26 08:36:13.233 [main] PlantObserverImpl - Event: Plant Added - Succulent[Plant[plantId=4, name='String of Pearls', price=6.0], type='Leafy']
[INFO ] 2024-06-26 08:36:13.233 [main] PlantObserverImpl - Event: Plant Added - Succulent[Plant[plantId=5, name='Aloe Vera', price=8.0], type='Leafy']
[INFO ] 2024-06-26 08:36:13.233 [main] PlantObserverImpl - Event: Plant Added - Flower[Plant[plantId=6, name='Rose', price=3.0], colour=='Red']
[INFO ] 2024-06-26 08:36:13.234 [main] PlantObserverImpl - Event: Plant Added - Flower[Plant[plantId=7, name='Tulip', price=2.5], colour=='Yellow']
[INFO ] 2024-06-26 08:36:13.234 [main] PlantObserverImpl - Event: Plant Added - Flower[Plant[plantId=8, name='Daisy', price=2.0], colour=='White']
[INFO ] 2024-06-26 08:36:13.234 [main] PlantObserverImpl - Event: Plant Added - Flower[Plant[plantId=9, name='Lily', price=4.5], colour=='Pink']
[INFO ] 2024-06-26 08:36:13.234 [main] PlantObserverImpl - Event: Plant Added - Flower[Plant[plantId=10, name='Sunflower', price=3.5], colour=='Yellow']
[INFO ] 2024-06-26 08:36:13.234 [main] Main - Sorting plants by price...
[INFO ] 2024-06-26 08:36:13.237 [main] PlantObserverImpl - Event: Plants Sorted - null
[INFO ] 2024-06-26 08:36:13.237 [main] Main - Flower[Plant[plantId=8, name='Daisy', price=2.0], colour=='White']
[INFO ] 2024-06-26 08:36:13.238 [main] Main - Flower[Plant[plantId=7, name='Tulip', price=2.5], colour=='Yellow']
[INFO ] 2024-06-26 08:36:13.238 [main] Main - Flower[Plant[plantId=6, name='Rose', price=3.0], colour=='Red']
[INFO ] 2024-06-26 08:36:13.238 [main] Main - Flower[Plant[plantId=10, name='Sunflower', price=3.5], colour=='Yellow']
[INFO ] 2024-06-26 08:36:13.238 [main] Main - Succulent[Plant[plantId=3, name='Cactus', price=4.0], type='Stem']
[INFO ] 2024-06-26 08:36:13.238 [main] Main - Flower[Plant[plantId=9, name='Lily', price=4.5], colour=='Pink']
[INFO ] 2024-06-26 08:36:13.238 [main] Main - Succulent[Plant[plantId=1, name='Echeveria', price=5.0], type='Leafy']
[INFO ] 2024-06-26 08:36:13.238 [main] Main - Succulent[Plant[plantId=4, name='String of Pearls', price=6.0], type='Leafy']
[INFO ] 2024-06-26 08:36:13.239 [main] Main - Succulent[Plant[plantId=2, name='Jade Plant', price=7.5], type='Leafy']
[INFO ] 2024-06-26 08:36:13.239 [main] Main - Succulent[Plant[plantId=5, name='Aloe Vera', price=8.0], type='Leafy']
[INFO ] 2024-06-26 08:36:13.239 [main] Main - Sorting plants by name...
[INFO ] 2024-06-26 08:36:13.240 [main] PlantObserverImpl - Event: Plants Sorted - null
[INFO ] 2024-06-26 08:36:13.241 [main] Main - Succulent[Plant[plantId=5, name='Aloe Vera', price=8.0], type='Leafy']
[INFO ] 2024-06-26 08:36:13.241 [main] Main - Succulent[Plant[plantId=3, name='Cactus', price=4.0], type='Stem']
[INFO ] 2024-06-26 08:36:13.241 [main] Main - Flower[Plant[plantId=8, name='Daisy', price=2.0], colour=='White']
[INFO ] 2024-06-26 08:36:13.241 [main] Main - Succulent[Plant[plantId=1, name='Echeveria', price=5.0], type='Leafy']
[INFO ] 2024-06-26 08:36:13.241 [main] Main - Succulent[Plant[plantId=2, name='Jade Plant', price=7.5], type='Leafy']
[INFO ] 2024-06-26 08:36:13.241 [main] Main - Flower[Plant[plantId=9, name='Lily', price=4.5], colour=='Pink']
[INFO ] 2024-06-26 08:36:13.242 [main] Main - Flower[Plant[plantId=6, name='Rose', price=3.0], colour=='Red']
[INFO ] 2024-06-26 08:36:13.242 [main] Main - Succulent[Plant[plantId=4, name='String of Pearls', price=6.0], type='Leafy']
[INFO ] 2024-06-26 08:36:13.242 [main] Main - Flower[Plant[plantId=10, name='Sunflower', price=3.5], colour=='Yellow']
[INFO ] 2024-06-26 08:36:13.242 [main] Main - Flower[Plant[plantId=7, name='Tulip', price=2.5], colour=='Yellow']
[INFO ] 2024-06-26 08:36:13.242 [main] Main - Sorting plants by ID...
[INFO ] 2024-06-26 08:36:13.244 [main] PlantObserverImpl - Event: Plants Sorted - null
[INFO ] 2024-06-26 08:36:13.244 [main] Main - Succulent[Plant[plantId=1, name='Echeveria', price=5.0], type='Leafy']
[INFO ] 2024-06-26 08:36:13.244 [main] Main - Succulent[Plant[plantId=2, name='Jade Plant', price=7.5], type='Leafy']
[INFO ] 2024-06-26 08:36:13.245 [main] Main - Succulent[Plant[plantId=3, name='Cactus', price=4.0], type='Stem']
[INFO ] 2024-06-26 08:36:13.245 [main] Main - Succulent[Plant[plantId=4, name='String of Pearls', price=6.0], type='Leafy']
[INFO ] 2024-06-26 08:36:13.245 [main] Main - Succulent[Plant[plantId=5, name='Aloe Vera', price=8.0], type='Leafy']
[INFO ] 2024-06-26 08:36:13.245 [main] Main - Flower[Plant[plantId=6, name='Rose', price=3.0], colour=='Red']
[INFO ] 2024-06-26 08:36:13.245 [main] Main - Flower[Plant[plantId=7, name='Tulip', price=2.5], colour=='Yellow']
[INFO ] 2024-06-26 08:36:13.245 [main] Main - Flower[Plant[plantId=8, name='Daisy', price=2.0], colour=='White']
[INFO ] 2024-06-26 08:36:13.245 [main] Main - Flower[Plant[plantId=9, name='Lily', price=4.5], colour=='Pink']
[INFO ] 2024-06-26 08:36:13.245 [main] Main - Flower[Plant[plantId=10, name='Sunflower', price=3.5], colour=='Yellow']
[INFO ] 2024-06-26 08:36:13.245 [main] Main - Sorting plants by extra attribute...
[INFO ] 2024-06-26 08:36:13.247 [main] PlantObserverImpl - Event: Plants Sorted - null
[INFO ] 2024-06-26 08:36:13.247 [main] Main - Succulent[Plant[plantId=1, name='Echeveria', price=5.0], type='Leafy']
[INFO ] 2024-06-26 08:36:13.247 [main] Main - Succulent[Plant[plantId=2, name='Jade Plant', price=7.5], type='Leafy']
[INFO ] 2024-06-26 08:36:13.247 [main] Main - Succulent[Plant[plantId=4, name='String of Pearls', price=6.0], type='Leafy']
[INFO ] 2024-06-26 08:36:13.247 [main] Main - Succulent[Plant[plantId=5, name='Aloe Vera', price=8.0], type='Leafy']
[INFO ] 2024-06-26 08:36:13.248 [main] Main - Flower[Plant[plantId=9, name='Lily', price=4.5], colour=='Pink']
[INFO ] 2024-06-26 08:36:13.248 [main] Main - Flower[Plant[plantId=6, name='Rose', price=3.0], colour=='Red']
[INFO ] 2024-06-26 08:36:13.248 [main] Main - Succulent[Plant[plantId=3, name='Cactus', price=4.0], type='Stem']
[INFO ] 2024-06-26 08:36:13.248 [main] Main - Flower[Plant[plantId=8, name='Daisy', price=2.0], colour=='White']
[INFO ] 2024-06-26 08:36:13.248 [main] Main - Flower[Plant[plantId=7, name='Tulip', price=2.5], colour=='Yellow']
[INFO ] 2024-06-26 08:36:13.248 [main] Main - Flower[Plant[plantId=10, name='Sunflower', price=3.5], colour=='Yellow']
[INFO ] 2024-06-26 08:36:13.248 [main] Main - Finding plant with ID 1...
[INFO ] 2024-06-26 08:36:13.249 [main] Main - Found: Succulent[Plant[plantId=1, name='Echeveria', price=5.0], type='Leafy']
[INFO ] 2024-06-26 08:36:13.250 [main] Main - Finding plants with name 'Aloe Vera'...
[INFO ] 2024-06-26 08:36:13.250 [main] Main - Succulent[Plant[plantId=5, name='Aloe Vera', price=8.0], type='Leafy']
[INFO ] 2024-06-26 08:36:13.250 [main] Main - Finding plants with price between 1.0 and 5.0...
[INFO ] 2024-06-26 08:36:13.251 [main] Main - Succulent[Plant[plantId=1, name='Echeveria', price=5.0], type='Leafy']
[INFO ] 2024-06-26 08:36:13.252 [main] Main - Flower[Plant[plantId=9, name='Lily', price=4.5], colour=='Pink']
[INFO ] 2024-06-26 08:36:13.252 [main] Main - Flower[Plant[plantId=6, name='Rose', price=3.0], colour=='Red']
[INFO ] 2024-06-26 08:36:13.252 [main] Main - Succulent[Plant[plantId=3, name='Cactus', price=4.0], type='Stem']
[INFO ] 2024-06-26 08:36:13.252 [main] Main - Flower[Plant[plantId=8, name='Daisy', price=2.0], colour=='White']
[INFO ] 2024-06-26 08:36:13.252 [main] Main - Flower[Plant[plantId=7, name='Tulip', price=2.5], colour=='Yellow']
[INFO ] 2024-06-26 08:36:13.252 [main] Main - Flower[Plant[plantId=10, name='Sunflower', price=3.5], colour=='Yellow']
[INFO ] 2024-06-26 08:36:13.252 [main] Main - Finding plants with extra attribute 'Red'...
[INFO ] 2024-06-26 08:36:13.253 [main] Main - Flower[Plant[plantId=6, name='Rose', price=3.0], colour=='Red']
[INFO ] 2024-06-26 08:36:13.253 [main] Main - Removing plant: Succulent[Plant[plantId=1, name='Echeveria', price=5.0], type='Leafy']
[INFO ] 2024-06-26 08:36:13.253 [main] PlantObserverImpl - Event: Plant Removed - Succulent[Plant[plantId=1, name='Echeveria', price=5.0], type='Leafy']
[INFO ] 2024-06-26 08:36:13.254 [main] Main - Plant removed. Current list:
[INFO ] 2024-06-26 08:36:13.254 [main] Main - Succulent[Plant[plantId=2, name='Jade Plant', price=7.5], type='Leafy']
[INFO ] 2024-06-26 08:36:13.254 [main] Main - Succulent[Plant[plantId=4, name='String of Pearls', price=6.0], type='Leafy']
[INFO ] 2024-06-26 08:36:13.254 [main] Main - Succulent[Plant[plantId=5, name='Aloe Vera', price=8.0], type='Leafy']
[INFO ] 2024-06-26 08:36:13.254 [main] Main - Flower[Plant[plantId=9, name='Lily', price=4.5], colour=='Pink']
[INFO ] 2024-06-26 08:36:13.254 [main] Main - Flower[Plant[plantId=6, name='Rose', price=3.0], colour=='Red']
[INFO ] 2024-06-26 08:36:13.254 [main] Main - Succulent[Plant[plantId=3, name='Cactus', price=4.0], type='Stem']
[INFO ] 2024-06-26 08:36:13.254 [main] Main - Flower[Plant[plantId=8, name='Daisy', price=2.0], colour=='White']
[INFO ] 2024-06-26 08:36:13.255 [main] Main - Flower[Plant[plantId=7, name='Tulip', price=2.5], colour=='Yellow']
[INFO ] 2024-06-26 08:36:13.255 [main] Main - Flower[Plant[plantId=10, name='Sunflower', price=3.5], colour=='Yellow']
